2019-10-22 19:01:12,627:INFO: Loading the datasets...
2019-10-22 19:01:12,632:INFO: - done.
2019-10-22 19:01:12,654:INFO: Starting training for 10 epoch(s)
2019-10-22 19:01:12,654:INFO: Epoch 1/10
2019-10-22 19:01:22,702:INFO: - Train metrics: accuracy: 0.094 ; loss: 2.150
2019-10-22 19:01:23,397:INFO: - Eval metrics : accuracy: 0.153 ; loss: 2.184
2019-10-22 19:01:23,436:INFO: - Found new best accuracy
2019-10-22 19:01:23,437:INFO: Epoch 2/10
2019-10-22 19:01:33,646:INFO: - Train metrics: accuracy: 0.625 ; loss: 1.065
2019-10-22 19:01:34,362:INFO: - Eval metrics : accuracy: 0.348 ; loss: 1.447
2019-10-22 19:01:34,393:INFO: - Found new best accuracy
2019-10-22 19:01:34,394:INFO: Epoch 3/10
2019-10-22 19:01:44,358:INFO: - Train metrics: accuracy: 0.656 ; loss: 0.910
2019-10-22 19:01:45,045:INFO: - Eval metrics : accuracy: 0.497 ; loss: 1.150
2019-10-22 19:01:45,076:INFO: - Found new best accuracy
2019-10-22 19:01:45,077:INFO: Epoch 4/10
2019-10-22 19:01:55,009:INFO: - Train metrics: accuracy: 0.844 ; loss: 0.596
2019-10-22 19:01:55,682:INFO: - Eval metrics : accuracy: 0.585 ; loss: 0.970
2019-10-22 19:01:55,708:INFO: - Found new best accuracy
2019-10-22 19:01:55,709:INFO: Epoch 5/10
2019-10-22 19:02:05,667:INFO: - Train metrics: accuracy: 0.812 ; loss: 0.650
2019-10-22 19:02:06,353:INFO: - Eval metrics : accuracy: 0.692 ; loss: 0.733
2019-10-22 19:02:06,381:INFO: - Found new best accuracy
2019-10-22 19:02:06,382:INFO: Epoch 6/10
2019-10-22 19:02:16,311:INFO: - Train metrics: accuracy: 0.906 ; loss: 0.431
2019-10-22 19:02:16,995:INFO: - Eval metrics : accuracy: 0.888 ; loss: 0.476
2019-10-22 19:02:17,021:INFO: - Found new best accuracy
2019-10-22 19:02:17,022:INFO: Epoch 7/10
2019-10-22 19:02:27,284:INFO: - Train metrics: accuracy: 0.750 ; loss: 0.523
2019-10-22 19:02:27,985:INFO: - Eval metrics : accuracy: 0.467 ; loss: 1.340
2019-10-22 19:02:28,002:INFO: Epoch 8/10
2019-10-22 19:02:38,013:INFO: - Train metrics: accuracy: 0.938 ; loss: 0.441
2019-10-22 19:02:38,692:INFO: - Eval metrics : accuracy: 0.595 ; loss: 0.950
2019-10-22 19:02:38,709:INFO: Epoch 9/10
2019-10-22 19:02:48,720:INFO: - Train metrics: accuracy: 0.938 ; loss: 0.256
2019-10-22 19:02:49,398:INFO: - Eval metrics : accuracy: 0.798 ; loss: 0.841
2019-10-22 19:02:49,425:INFO: Epoch 10/10
2019-10-22 19:02:59,231:INFO: - Train metrics: accuracy: 0.938 ; loss: 0.278
2019-10-22 19:02:59,895:INFO: - Eval metrics : accuracy: 0.705 ; loss: 0.867
