2019-10-22 19:03:00,427:INFO: Loading the datasets...
2019-10-22 19:03:00,431:INFO: - done.
2019-10-22 19:03:00,451:INFO: Starting training for 10 epoch(s)
2019-10-22 19:03:00,452:INFO: Epoch 1/10
2019-10-22 19:03:10,293:INFO: - Train metrics: accuracy: 0.094 ; loss: 2.150
2019-10-22 19:03:10,933:INFO: - Eval metrics : accuracy: 0.155 ; loss: 4.720
2019-10-22 19:03:10,964:INFO: - Found new best accuracy
2019-10-22 19:03:10,964:INFO: Epoch 2/10
2019-10-22 19:03:20,907:INFO: - Train metrics: accuracy: 0.594 ; loss: 1.241
2019-10-22 19:03:21,550:INFO: - Eval metrics : accuracy: 0.372 ; loss: 2.459
2019-10-22 19:03:21,576:INFO: - Found new best accuracy
2019-10-22 19:03:21,577:INFO: Epoch 3/10
2019-10-22 19:03:31,458:INFO: - Train metrics: accuracy: 0.625 ; loss: 1.046
2019-10-22 19:03:32,116:INFO: - Eval metrics : accuracy: 0.269 ; loss: 14.463
2019-10-22 19:03:32,134:INFO: Epoch 4/10
2019-10-22 19:03:42,090:INFO: - Train metrics: accuracy: 0.656 ; loss: 0.789
2019-10-22 19:03:42,732:INFO: - Eval metrics : accuracy: 0.311 ; loss: 5.044
2019-10-22 19:03:42,764:INFO: Epoch 5/10
2019-10-22 19:03:52,462:INFO: - Train metrics: accuracy: 0.812 ; loss: 0.603
2019-10-22 19:03:53,103:INFO: - Eval metrics : accuracy: 0.379 ; loss: 3.236
2019-10-22 19:03:53,176:INFO: - Found new best accuracy
2019-10-22 19:03:53,177:INFO: Epoch 6/10
2019-10-22 19:04:02,876:INFO: - Train metrics: accuracy: 0.812 ; loss: 0.475
2019-10-22 19:04:03,516:INFO: - Eval metrics : accuracy: 0.321 ; loss: 2.998
2019-10-22 19:04:03,533:INFO: Epoch 7/10
2019-10-22 19:04:13,513:INFO: - Train metrics: accuracy: 0.688 ; loss: 0.627
2019-10-22 19:04:14,199:INFO: - Eval metrics : accuracy: 0.400 ; loss: 1.660
2019-10-22 19:04:14,233:INFO: - Found new best accuracy
2019-10-22 19:04:14,234:INFO: Epoch 8/10
2019-10-22 19:04:24,215:INFO: - Train metrics: accuracy: 0.688 ; loss: 0.736
2019-10-22 19:04:24,867:INFO: - Eval metrics : accuracy: 0.463 ; loss: 2.109
2019-10-22 19:04:24,898:INFO: - Found new best accuracy
2019-10-22 19:04:24,899:INFO: Epoch 9/10
2019-10-22 19:04:34,763:INFO: - Train metrics: accuracy: 0.844 ; loss: 0.407
2019-10-22 19:04:35,425:INFO: - Eval metrics : accuracy: 0.786 ; loss: 0.639
2019-10-22 19:04:35,452:INFO: - Found new best accuracy
2019-10-22 19:04:35,452:INFO: Epoch 10/10
2019-10-22 19:04:45,418:INFO: - Train metrics: accuracy: 0.781 ; loss: 0.464
2019-10-22 19:04:46,075:INFO: - Eval metrics : accuracy: 0.564 ; loss: 1.289
