2019-10-22 18:59:21,504:INFO: Loading the datasets...
2019-10-22 18:59:21,511:INFO: - done.
2019-10-22 18:59:21,534:INFO: Starting training for 10 epoch(s)
2019-10-22 18:59:21,534:INFO: Epoch 1/10
2019-10-22 18:59:31,525:INFO: - Train metrics: accuracy: 0.094 ; loss: 2.150
2019-10-22 18:59:32,221:INFO: - Eval metrics : accuracy: 0.153 ; loss: 2.128
2019-10-22 18:59:32,254:INFO: - Found new best accuracy
2019-10-22 18:59:32,255:INFO: Epoch 2/10
2019-10-22 18:59:43,314:INFO: - Train metrics: accuracy: 0.531 ; loss: 1.378
2019-10-22 18:59:44,033:INFO: - Eval metrics : accuracy: 0.594 ; loss: 1.239
2019-10-22 18:59:44,065:INFO: - Found new best accuracy
2019-10-22 18:59:44,066:INFO: Epoch 3/10
2019-10-22 18:59:54,343:INFO: - Train metrics: accuracy: 0.469 ; loss: 1.222
2019-10-22 18:59:55,061:INFO: - Eval metrics : accuracy: 0.759 ; loss: 0.891
2019-10-22 18:59:55,092:INFO: - Found new best accuracy
2019-10-22 18:59:55,092:INFO: Epoch 4/10
2019-10-22 19:00:05,418:INFO: - Train metrics: accuracy: 0.812 ; loss: 0.880
2019-10-22 19:00:06,117:INFO: - Eval metrics : accuracy: 0.783 ; loss: 0.799
2019-10-22 19:00:06,149:INFO: - Found new best accuracy
2019-10-22 19:00:06,150:INFO: Epoch 5/10
2019-10-22 19:00:16,594:INFO: - Train metrics: accuracy: 0.812 ; loss: 1.012
2019-10-22 19:00:17,291:INFO: - Eval metrics : accuracy: 0.845 ; loss: 0.713
2019-10-22 19:00:17,323:INFO: - Found new best accuracy
2019-10-22 19:00:17,324:INFO: Epoch 6/10
2019-10-22 19:00:27,601:INFO: - Train metrics: accuracy: 0.906 ; loss: 0.603
2019-10-22 19:00:28,290:INFO: - Eval metrics : accuracy: 0.882 ; loss: 0.676
2019-10-22 19:00:28,317:INFO: - Found new best accuracy
2019-10-22 19:00:28,318:INFO: Epoch 7/10
2019-10-22 19:00:38,455:INFO: - Train metrics: accuracy: 0.844 ; loss: 0.729
2019-10-22 19:00:39,179:INFO: - Eval metrics : accuracy: 0.906 ; loss: 0.635
2019-10-22 19:00:39,206:INFO: - Found new best accuracy
2019-10-22 19:00:39,207:INFO: Epoch 8/10
2019-10-22 19:00:49,264:INFO: - Train metrics: accuracy: 0.844 ; loss: 0.811
2019-10-22 19:00:49,934:INFO: - Eval metrics : accuracy: 0.896 ; loss: 0.550
2019-10-22 19:00:49,951:INFO: Epoch 9/10
2019-10-22 19:01:00,212:INFO: - Train metrics: accuracy: 0.781 ; loss: 0.689
2019-10-22 19:01:00,898:INFO: - Eval metrics : accuracy: 0.915 ; loss: 0.546
2019-10-22 19:01:00,926:INFO: - Found new best accuracy
2019-10-22 19:01:00,927:INFO: Epoch 10/10
2019-10-22 19:01:11,293:INFO: - Train metrics: accuracy: 0.906 ; loss: 0.567
2019-10-22 19:01:12,020:INFO: - Eval metrics : accuracy: 0.929 ; loss: 0.501
2019-10-22 19:01:12,049:INFO: - Found new best accuracy
